<?xml version="1.0" encoding="UTF-8"?>
<testng-results ignored="0" total="1" passed="1" failed="0" skipped="0">
  <reporter-output>
  </reporter-output>
  <suite started-at="2021-04-22T19:07:07Z" name="Automation Test Suite" finished-at="2021-04-22T19:07:17Z" duration-ms="9985">
    <groups>
      <group name="cucumber">
        <method signature="AbstractTestNGCucumberTests.feature(cucumber.api.testng.CucumberFeatureWrapper)[pri:0, instance:ups.nj.runner.MyLoginRunner@1a6c1270]" name="feature" class="cucumber.api.testng.AbstractTestNGCucumberTests"/>
      </group> <!-- cucumber -->
    </groups>
    <test started-at="2021-04-22T19:07:07Z" name="Zoopla Login test" finished-at="2021-04-22T19:07:17Z" duration-ms="9985">
      <class name="ups.nj.runner.MyLoginRunner">
        <test-method is-config="true" signature="setUpClass()[pri:0, instance:ups.nj.runner.MyLoginRunner@1a6c1270]" started-at="2021-04-22T19:07:07Z" name="setUpClass" finished-at="2021-04-22T19:07:08Z" duration-ms="276" status="PASS">
          <reporter-output>
          </reporter-output>
        </test-method> <!-- setUpClass -->
        <test-method signature="feature(cucumber.api.testng.CucumberFeatureWrapper)[pri:0, instance:ups.nj.runner.MyLoginRunner@1a6c1270]" started-at="2021-04-22T19:07:08Z" name="feature" description="Runs Cucumber Feature" data-provider="features" finished-at="2021-04-22T19:07:17Z" duration-ms="9609" status="PASS">
          <params>
            <param index="0">
              <value>
                <![CDATA[User able to login with valid username & password.]]>
              </value>
            </param>
          </params>
          <reporter-output>
          </reporter-output>
        </test-method> <!-- feature -->
        <test-method is-config="true" signature="tearDownClass()[pri:0, instance:ups.nj.runner.MyLoginRunner@1a6c1270]" started-at="2021-04-22T19:07:17Z" name="tearDownClass" finished-at="2021-04-22T19:07:17Z" duration-ms="11" status="PASS">
          <reporter-output>
          </reporter-output>
        </test-method> <!-- tearDownClass -->
      </class> <!-- ups.nj.runner.MyLoginRunner -->
    </test> <!-- Zoopla Login test -->
  </suite> <!-- Automation Test Suite -->
</testng-results>
